ISim log file
Running: Z:\DSD\Project_Rec_Done_Tran\tf_isim_beh.exe -intstyle ise -gui -tclbatch isim.cmd -wdb Z:/DSD/Project_Rec_Done_Tran/tf_isim_beh.wdb 
ISim P.20131013 (signature 0x7708f090)
This is a Full version of ISim.
Time resolution is 1 ps
# onerror resume
# wave add /
# run 1000 ns
Simulator is doing circuit initialization process.
Finished circuit initialization process.
# run all
Stopped at time : 10437720 ns : File "//VBoxSvr/Shared/DSD/Project_Rec_Done_Tran/tf.v" Line 31
# restart
# restart
# restart
# run all
Simulator is doing circuit initialization process.
Finished circuit initialization process.
Stopped at time : 30981135 ns(1) :  in File "//VBoxSvr/Shared/DSD/Project_Rec_Done_Tran/tf.v" Line 312 
# run 1.00us
# run 1.00us
# run 1.00us
# run 1.00us
# run 1.00us
# run 1.00us
# run 1.00us
# run 1.00us
# run 1.00us
# run 1.00us
# run 1.00us
# run 1.00us
# run 1.00us
# run 1.00us
# run 1.00us
ISim P.20131013 (signature 0x7708f090)
This is a Full version of ISim.
# run 1000 ns
Simulator is doing circuit initialization process.
Finished circuit initialization process.
# run all
Stopped at time : 334295055 ns(1) :  in File "//VBoxSvr/Shared/DSD/Project_Rec_Done_Tran/tf.v" Line 85 
ISim P.20131013 (signature 0x7708f090)
This is a Full version of ISim.
# run 1000 ns
Simulator is doing circuit initialization process.
Finished circuit initialization process.
# run all
Stopped at time : 30981135 ns(1) :  in File "//VBoxSvr/Shared/DSD/Project_Rec_Done_Tran/tf.v" Line 85 
ISim P.20131013 (signature 0x7708f090)
This is a Full version of ISim.
# run 1000 ns
Simulator is doing circuit initialization process.
Finished circuit initialization process.
# run all
Stopped at time : 30981135 ns(1) :  in File "//VBoxSvr/Shared/DSD/Project_Rec_Done_Tran/tf.v" Line 85 
ISim P.20131013 (signature 0x7708f090)
This is a Full version of ISim.
# run 1000 ns
Simulator is doing circuit initialization process.
Finished circuit initialization process.
# run all
Stopped at time : 30981135 ns(1) :  in File "//VBoxSvr/Shared/DSD/Project_Rec_Done_Tran/tf.v" Line 85 
# run all
Stopped at time : 44089760 ns : File "//VBoxSvr/Shared/DSD/Project_Rec_Done_Tran/tf.v" Line 31
ISim P.20131013 (signature 0x7708f090)
This is a Full version of ISim.
# run 1000 ns
Simulator is doing circuit initialization process.
Finished circuit initialization process.
# run all
Stopped at time : 23214350 ns : File "//VBoxSvr/Shared/DSD/Project_Rec_Done_Tran/tf.v" Line 31
# run all
Stopped at time : 109707140 ns : File "//VBoxSvr/Shared/DSD/Project_Rec_Done_Tran/tf.v" Line 31
ISim P.20131013 (signature 0x7708f090)
This is a Full version of ISim.
# run 1000 ns
Simulator is doing circuit initialization process.
Finished circuit initialization process.
# run all
Stopped at time : 334399215 ns(1) :  in File "//VBoxSvr/Shared/DSD/Project_Rec_Done_Tran/tf.v" Line 297 
